<?xml version="1.0" encoding="UTF-8"?>
<testsuite xmlns:xsi="http://www.w3.org/2001/XMLSchema-instance" xsi:noNamespaceSchemaLocation="https://maven.apache.org/surefire/maven-surefire-plugin/xsd/surefire-test-report-3.0.xsd" version="3.0" name="runners.TestRunner" time="97.732" tests="14" errors="0" skipped="0" failures="0">
  <properties>
[...]
</properties>
  <testcase name="Login with valid credentials #1" classname="Login Functionality" time="8.051">
    <system-out><![CDATA[
Scenario Outline: Login with valid credentials                                 &amp#27;[90m# src/test/resources/Features/Login.feature:11&amp#27;[0m
  &amp#27;[32mGiven &amp#27;[0m&amp#27;[32mUser navigates to login page&amp#27;[0m                                           &amp#27;[90m# stepDefinitions.LoginSteps.user_navigates_to_login_page()&amp#27;[0m
  &amp#27;[32mWhen &amp#27;[0m&amp#27;[32mUser enters valid email address as &amp#27;[0m&amp#27;[32m&amp#27;[1m"ssr8712@gmail.com"&amp#27;[0m&amp#27;[32m into email field&amp#27;[0m &amp#27;[90m# stepDefinitions.LoginSteps.user_enters_valid_email_address_as_into_email_field(java.lang.String)&amp#27;[0m
  &amp#27;[32mAnd &amp#27;[0m&amp#27;[32mUser enters valid password as &amp#27;[0m&amp#27;[32m&amp#27;[1m"123456"&amp#27;[0m&amp#27;[32m into password field&amp#27;[0m               &amp#27;[90m# stepDefinitions.LoginSteps.user_enters_valid_password_as_into_password_field(java.lang.String)&amp#27;[0m
  &amp#27;[32mAnd &amp#27;[0m&amp#27;[32mUser clicks on Login button&amp#27;[0m                                              &amp#27;[90m# stepDefinitions.LoginSteps.user_clicks_on_login_button()&amp#27;[0m
  &amp#27;[32mThen &amp#27;[0m&amp#27;[32mUser should get successfully logged in&amp#27;[0m                                  &amp#27;[90m# stepDefinitions.LoginSteps.user_should_get_successfully_logged_in()&amp#27;[0m
]]></system-out>
  </testcase>
  <testcase name="Login with valid credentials #2" classname="Login Functionality" time="6.553">
    <system-out><![CDATA[
Scenario Outline: Login with valid credentials                                      &amp#27;[90m# src/test/resources/Features/Login.feature:12&amp#27;[0m
  &amp#27;[32mGiven &amp#27;[0m&amp#27;[32mUser navigates to login page&amp#27;[0m                                                &amp#27;[90m# stepDefinitions.LoginSteps.user_navigates_to_login_page()&amp#27;[0m
  &amp#27;[32mWhen &amp#27;[0m&amp#27;[32mUser enters valid email address as &amp#27;[0m&amp#27;[32m&amp#27;[1m"amotooricap1@gmail.com"&amp#27;[0m&amp#27;[32m into email field&amp#27;[0m &amp#27;[90m# stepDefinitions.LoginSteps.user_enters_valid_email_address_as_into_email_field(java.lang.String)&amp#27;[0m
  &amp#27;[32mAnd &amp#27;[0m&amp#27;[32mUser enters valid password as &amp#27;[0m&amp#27;[32m&amp#27;[1m"12345"&amp#27;[0m&amp#27;[32m into password field&amp#27;[0m                     &amp#27;[90m# stepDefinitions.LoginSteps.user_enters_valid_password_as_into_password_field(java.lang.String)&amp#27;[0m
  &amp#27;[32mAnd &amp#27;[0m&amp#27;[32mUser clicks on Login button&amp#27;[0m                                                   &amp#27;[90m# stepDefinitions.LoginSteps.user_clicks_on_login_button()&amp#27;[0m
  &amp#27;[32mThen &amp#27;[0m&amp#27;[32mUser should get successfully logged in&amp#27;[0m                                       &amp#27;[90m# stepDefinitions.LoginSteps.user_should_get_successfully_logged_in()&amp#27;[0m
]]></system-out>
  </testcase>
  <testcase name="Login with valid credentials #3" classname="Login Functionality" time="7.889">
    <system-out><![CDATA[
Scenario Outline: Login with valid credentials                                      &amp#27;[90m# src/test/resources/Features/Login.feature:13&amp#27;[0m
  &amp#27;[32mGiven &amp#27;[0m&amp#27;[32mUser navigates to login page&amp#27;[0m                                                &amp#27;[90m# stepDefinitions.LoginSteps.user_navigates_to_login_page()&amp#27;[0m
  &amp#27;[32mWhen &amp#27;[0m&amp#27;[32mUser enters valid email address as &amp#27;[0m&amp#27;[32m&amp#27;[1m"amotooricap2@gmail.com"&amp#27;[0m&amp#27;[32m into email field&amp#27;[0m &amp#27;[90m# stepDefinitions.LoginSteps.user_enters_valid_email_address_as_into_email_field(java.lang.String)&amp#27;[0m
  &amp#27;[32mAnd &amp#27;[0m&amp#27;[32mUser enters valid password as &amp#27;[0m&amp#27;[32m&amp#27;[1m"12345"&amp#27;[0m&amp#27;[32m into password field&amp#27;[0m                     &amp#27;[90m# stepDefinitions.LoginSteps.user_enters_valid_password_as_into_password_field(java.lang.String)&amp#27;[0m
  &amp#27;[32mAnd &amp#27;[0m&amp#27;[32mUser clicks on Login button&amp#27;[0m                                                   &amp#27;[90m# stepDefinitions.LoginSteps.user_clicks_on_login_button()&amp#27;[0m
  &amp#27;[32mThen &amp#27;[0m&amp#27;[32mUser should get successfully logged in&amp#27;[0m                                       &amp#27;[90m# stepDefinitions.LoginSteps.user_should_get_successfully_logged_in()&amp#27;[0m
]]></system-out>
  </testcase>
  <testcase name="Login with invalid credentials" classname="Login Functionality" time="6.026">
    <system-out><![CDATA[
Scenario: Login with invalid credentials                                   &amp#27;[90m# src/test/resources/Features/Login.feature:15&amp#27;[0m
  &amp#27;[32mGiven &amp#27;[0m&amp#27;[32mUser navigates to login page&amp#27;[0m                                       &amp#27;[90m# stepDefinitions.LoginSteps.user_navigates_to_login_page()&amp#27;[0m
  &amp#27;[32mWhen &amp#27;[0m&amp#27;[32mUser enters invalid email address into email field&amp#27;[0m                  &amp#27;[90m# stepDefinitions.LoginSteps.user_enters_invalid_email_address_into_email_field()&amp#27;[0m
  &amp#27;[32mAnd &amp#27;[0m&amp#27;[32mUser enters invalid password as &amp#27;[0m&amp#27;[32m&amp#27;[1m"1234567890"&amp#27;[0m&amp#27;[32m into password field&amp#27;[0m     &amp#27;[90m# stepDefinitions.LoginSteps.user_enters_invalid_password_as_into_password_field(java.lang.String)&amp#27;[0m
  &amp#27;[32mAnd &amp#27;[0m&amp#27;[32mUser clicks on Login button&amp#27;[0m                                          &amp#27;[90m# stepDefinitions.LoginSteps.user_clicks_on_login_button()&amp#27;[0m
  &amp#27;[32mThen &amp#27;[0m&amp#27;[32mUser should get a proper warning message about credentials mismatch&amp#27;[0m &amp#27;[90m# stepDefinitions.LoginSteps.user_should_get_a_proper_warning_message_about_credentials_mismatch()&amp#27;[0m
]]></system-out>
  </testcase>
  <testcase name="Login with valid email and invalid password" classname="Login Functionality" time="5.947">
    <system-out><![CDATA[
Scenario: Login with valid email and invalid password                          &amp#27;[90m# src/test/resources/Features/Login.feature:22&amp#27;[0m
  &amp#27;[32mGiven &amp#27;[0m&amp#27;[32mUser navigates to login page&amp#27;[0m                                           &amp#27;[90m# stepDefinitions.LoginSteps.user_navigates_to_login_page()&amp#27;[0m
  &amp#27;[32mWhen &amp#27;[0m&amp#27;[32mUser enters valid email address as &amp#27;[0m&amp#27;[32m&amp#27;[1m"ssr8712@gmail.com"&amp#27;[0m&amp#27;[32m into email field&amp#27;[0m &amp#27;[90m# stepDefinitions.LoginSteps.user_enters_valid_email_address_as_into_email_field(java.lang.String)&amp#27;[0m
  &amp#27;[32mAnd &amp#27;[0m&amp#27;[32mUser enters invalid password as &amp#27;[0m&amp#27;[32m&amp#27;[1m"1234567890"&amp#27;[0m&amp#27;[32m into password field&amp#27;[0m         &amp#27;[90m# stepDefinitions.LoginSteps.user_enters_invalid_password_as_into_password_field(java.lang.String)&amp#27;[0m
  &amp#27;[32mAnd &amp#27;[0m&amp#27;[32mUser clicks on Login button&amp#27;[0m                                              &amp#27;[90m# stepDefinitions.LoginSteps.user_clicks_on_login_button()&amp#27;[0m
  &amp#27;[32mThen &amp#27;[0m&amp#27;[32mUser should get a proper warning message about credentials mismatch&amp#27;[0m     &amp#27;[90m# stepDefinitions.LoginSteps.user_should_get_a_proper_warning_message_about_credentials_mismatch()&amp#27;[0m
]]></system-out>
  </testcase>
  <testcase name="Login with invalid email and valid password" classname="Login Functionality" time="6.493">
    <system-out><![CDATA[
Scenario: Login with invalid email and valid password                      &amp#27;[90m# src/test/resources/Features/Login.feature:29&amp#27;[0m
  &amp#27;[32mGiven &amp#27;[0m&amp#27;[32mUser navigates to login page&amp#27;[0m                                       &amp#27;[90m# stepDefinitions.LoginSteps.user_navigates_to_login_page()&amp#27;[0m
  &amp#27;[32mWhen &amp#27;[0m&amp#27;[32mUser enters invalid email address into email field&amp#27;[0m                  &amp#27;[90m# stepDefinitions.LoginSteps.user_enters_invalid_email_address_into_email_field()&amp#27;[0m
  &amp#27;[32mAnd &amp#27;[0m&amp#27;[32mUser enters valid password as &amp#27;[0m&amp#27;[32m&amp#27;[1m"123456"&amp#27;[0m&amp#27;[32m into password field&amp#27;[0m           &amp#27;[90m# stepDefinitions.LoginSteps.user_enters_valid_password_as_into_password_field(java.lang.String)&amp#27;[0m
  &amp#27;[32mAnd &amp#27;[0m&amp#27;[32mUser clicks on Login button&amp#27;[0m                                          &amp#27;[90m# stepDefinitions.LoginSteps.user_clicks_on_login_button()&amp#27;[0m
  &amp#27;[32mThen &amp#27;[0m&amp#27;[32mUser should get a proper warning message about credentials mismatch&amp#27;[0m &amp#27;[90m# stepDefinitions.LoginSteps.user_should_get_a_proper_warning_message_about_credentials_mismatch()&amp#27;[0m
]]></system-out>
  </testcase>
  <testcase name="Login without providing any credentials" classname="Login Functionality" time="6.296">
    <system-out><![CDATA[
Scenario: Login without providing any credentials                          &amp#27;[90m# src/test/resources/Features/Login.feature:36&amp#27;[0m
  &amp#27;[32mGiven &amp#27;[0m&amp#27;[32mUser navigates to login page&amp#27;[0m                                       &amp#27;[90m# stepDefinitions.LoginSteps.user_navigates_to_login_page()&amp#27;[0m
  &amp#27;[32mWhen &amp#27;[0m&amp#27;[32mUser dont enter email address into email field&amp#27;[0m                      &amp#27;[90m# stepDefinitions.LoginSteps.user_dont_enter_email_address_into_email_field()&amp#27;[0m
  &amp#27;[32mAnd &amp#27;[0m&amp#27;[32mUser dont enter password into password field&amp#27;[0m                         &amp#27;[90m# stepDefinitions.LoginSteps.user_dont_enter_password_into_password_field()&amp#27;[0m
  &amp#27;[32mAnd &amp#27;[0m&amp#27;[32mUser clicks on Login button&amp#27;[0m                                          &amp#27;[90m# stepDefinitions.LoginSteps.user_clicks_on_login_button()&amp#27;[0m
  &amp#27;[32mThen &amp#27;[0m&amp#27;[32mUser should get a proper warning message about credentials mismatch&amp#27;[0m &amp#27;[90m# stepDefinitions.LoginSteps.user_should_get_a_proper_warning_message_about_credentials_mismatch()&amp#27;[0m
]]></system-out>
  </testcase>
  <testcase name="User creates an account only with mandatory fields" classname="Registration Functionality" time="7.755">
    <system-out><![CDATA[
Scenario: User creates an account only with mandatory fields &amp#27;[90m# src/test/resources/Features/Register.feature:3&amp#27;[0m
  &amp#27;[32mGiven &amp#27;[0m&amp#27;[32mUser navigates to Register Account page&amp#27;[0m              &amp#27;[90m# stepDefinitions.RegistrationSteps.user_navigates_to_register_account_page()&amp#27;[0m
  &amp#27;[32mWhen &amp#27;[0m&amp#27;[32mUser enters the details into below fields&amp#27;[0m             &amp#27;[90m# stepDefinitions.RegistrationSteps.user_enters_the_details_into_below_fields(io.cucumber.datatable.DataTable)&amp#27;[0m
    | firstName | Arun       |
    | lastName  | Motoori    |
    | telephone | 1234567890 |
    | password  | 12345      |
  &amp#27;[32mAnd &amp#27;[0m&amp#27;[32mUser selects Privacy Policy&amp#27;[0m                            &amp#27;[90m# stepDefinitions.RegistrationSteps.user_selects_privacy_policy()&amp#27;[0m
  &amp#27;[32mAnd &amp#27;[0m&amp#27;[32mUser clicks on Continue button&amp#27;[0m                         &amp#27;[90m# stepDefinitions.RegistrationSteps.user_clicks_on_Continue_button()&amp#27;[0m
  &amp#27;[32mThen &amp#27;[0m&amp#27;[32mUser account should get created successfully&amp#27;[0m          &amp#27;[90m# stepDefinitions.RegistrationSteps.user_account_should_get_created_successfully()&amp#27;[0m
]]></system-out>
  </testcase>
  <testcase name="User creates an account with all fields" classname="Registration Functionality" time="7.649">
    <system-out><![CDATA[
Scenario: User creates an account with all fields   &amp#27;[90m# src/test/resources/Features/Register.feature:14&amp#27;[0m
  &amp#27;[32mGiven &amp#27;[0m&amp#27;[32mUser navigates to Register Account page&amp#27;[0m     &amp#27;[90m# stepDefinitions.RegistrationSteps.user_navigates_to_register_account_page()&amp#27;[0m
  &amp#27;[32mWhen &amp#27;[0m&amp#27;[32mUser enters the details into below fields&amp#27;[0m    &amp#27;[90m# stepDefinitions.RegistrationSteps.user_enters_the_details_into_below_fields(io.cucumber.datatable.DataTable)&amp#27;[0m
    | firstName | Arun       |
    | lastName  | Motoori    |
    | telephone | 1234567890 |
    | password  | 12345      |
  &amp#27;[32mAnd &amp#27;[0m&amp#27;[32mUser selects Yes for Newsletter&amp#27;[0m               &amp#27;[90m# stepDefinitions.RegistrationSteps.user_selects_yes_for_newsletter()&amp#27;[0m
  &amp#27;[32mAnd &amp#27;[0m&amp#27;[32mUser selects Privacy Policy&amp#27;[0m                   &amp#27;[90m# stepDefinitions.RegistrationSteps.user_selects_privacy_policy()&amp#27;[0m
  &amp#27;[32mAnd &amp#27;[0m&amp#27;[32mUser clicks on Continue button&amp#27;[0m                &amp#27;[90m# stepDefinitions.RegistrationSteps.user_clicks_on_Continue_button()&amp#27;[0m
  &amp#27;[32mThen &amp#27;[0m&amp#27;[32mUser account should get created successfully&amp#27;[0m &amp#27;[90m# stepDefinitions.RegistrationSteps.user_account_should_get_created_successfully()&amp#27;[0m
]]></system-out>
  </testcase>
  <testcase name="User creates a duplicate account" classname="Registration Functionality" time="7.412">
    <system-out><![CDATA[
Scenario: User creates a duplicate account                            &amp#27;[90m# src/test/resources/Features/Register.feature:26&amp#27;[0m
  &amp#27;[32mGiven &amp#27;[0m&amp#27;[32mUser navigates to Register Account page&amp#27;[0m                       &amp#27;[90m# stepDefinitions.RegistrationSteps.user_navigates_to_register_account_page()&amp#27;[0m
  &amp#27;[32mWhen &amp#27;[0m&amp#27;[32mUser enters the details into below fields with duplicate email&amp#27;[0m &amp#27;[90m# stepDefinitions.RegistrationSteps.user_enters_the_details_into_below_fields_with_duplicate_email(io.cucumber.datatable.DataTable)&amp#27;[0m
    | firstName | Shreyank          |
    | lastName  | Singh             |
    | email     | ssr8712@gmail.com |
    | telephone | 8359918778        |
    | password  | 123456            |
  &amp#27;[32mAnd &amp#27;[0m&amp#27;[32mUser selects Yes for Newsletter&amp#27;[0m                                 &amp#27;[90m# stepDefinitions.RegistrationSteps.user_selects_yes_for_newsletter()&amp#27;[0m
  &amp#27;[32mAnd &amp#27;[0m&amp#27;[32mUser selects Privacy Policy&amp#27;[0m                                     &amp#27;[90m# stepDefinitions.RegistrationSteps.user_selects_privacy_policy()&amp#27;[0m
  &amp#27;[32mAnd &amp#27;[0m&amp#27;[32mUser clicks on Continue button&amp#27;[0m                                  &amp#27;[90m# stepDefinitions.RegistrationSteps.user_clicks_on_Continue_button()&amp#27;[0m
  &amp#27;[32mThen &amp#27;[0m&amp#27;[32mUser should get a proper warning about duplicate email&amp#27;[0m         &amp#27;[90m# stepDefinitions.RegistrationSteps.user_should_get_a_proper_warning_about_duplicate_email()&amp#27;[0m
]]></system-out>
  </testcase>
  <testcase name="User creates an account without filling any details" classname="Registration Functionality" time="7.217">
    <system-out><![CDATA[
Scenario: User creates an account without filling any details           &amp#27;[90m# src/test/resources/Features/Register.feature:39&amp#27;[0m
  &amp#27;[32mGiven &amp#27;[0m&amp#27;[32mUser navigates to Register Account page&amp#27;[0m                         &amp#27;[90m# stepDefinitions.RegistrationSteps.user_navigates_to_register_account_page()&amp#27;[0m
  &amp#27;[32mWhen &amp#27;[0m&amp#27;[32mUser dont enter any details into fields&amp#27;[0m                          &amp#27;[90m# stepDefinitions.RegistrationSteps.user_dont_enter_any_details_into_fields()&amp#27;[0m
  &amp#27;[32mAnd &amp#27;[0m&amp#27;[32mUser clicks on Continue button&amp#27;[0m                                    &amp#27;[90m# stepDefinitions.RegistrationSteps.user_clicks_on_Continue_button()&amp#27;[0m
  &amp#27;[32mThen &amp#27;[0m&amp#27;[32mUser should get proper warning message for every mandatory field&amp#27;[0m &amp#27;[90m# stepDefinitions.RegistrationSteps.user_should_get_proper_warning_message_for_every_mandatory_field()&amp#27;[0m
]]></system-out>
  </testcase>
  <testcase name="User searches for a valid product" classname="Search Functionality" time="6.835">
    <system-out><![CDATA[
Scenario: User searches for a valid product                      &amp#27;[90m# src/test/resources/Features/Search.feature:3&amp#27;[0m
  &amp#27;[32mGiven &amp#27;[0m&amp#27;[32mUser opens the application&amp#27;[0m                               &amp#27;[90m# stepDefinitions.SearchSteps.user_opens_the_application()&amp#27;[0m
  &amp#27;[32mWhen &amp#27;[0m&amp#27;[32mUser enters valid product &amp#27;[0m&amp#27;[32m&amp#27;[1m"HP"&amp#27;[0m&amp#27;[32m into Search box field&amp#27;[0m      &amp#27;[90m# stepDefinitions.SearchSteps.user_enters_valid_product_into_search_box_field(java.lang.String)&amp#27;[0m
  &amp#27;[32mAnd &amp#27;[0m&amp#27;[32mUser clicks on Search button&amp#27;[0m                               &amp#27;[90m# stepDefinitions.SearchSteps.user_clicks_on_search_button()&amp#27;[0m
  &amp#27;[32mThen &amp#27;[0m&amp#27;[32mUser should get valid product displayed in search results&amp#27;[0m &amp#27;[90m# stepDefinitions.SearchSteps.user_should_get_valid_product_displayed_in_search_results()&amp#27;[0m
]]></system-out>
  </testcase>
  <testcase name="User searches for an invalid product" classname="Search Functionality" time="4.853">
    <system-out><![CDATA[
Scenario: User searches for an invalid product                   &amp#27;[90m# src/test/resources/Features/Search.feature:9&amp#27;[0m
  &amp#27;[32mGiven &amp#27;[0m&amp#27;[32mUser opens the application&amp#27;[0m                               &amp#27;[90m# stepDefinitions.SearchSteps.user_opens_the_application()&amp#27;[0m
  &amp#27;[32mWhen &amp#27;[0m&amp#27;[32mUser enters invalid product &amp#27;[0m&amp#27;[32m&amp#27;[1m"Honda"&amp#27;[0m&amp#27;[32m into Search box field&amp#27;[0m &amp#27;[90m# stepDefinitions.SearchSteps.user_enters_invalid_product_into_search_box_field(java.lang.String)&amp#27;[0m
  &amp#27;[32mAnd &amp#27;[0m&amp#27;[32mUser clicks on Search button&amp#27;[0m                               &amp#27;[90m# stepDefinitions.SearchSteps.user_clicks_on_search_button()&amp#27;[0m
  &amp#27;[32mThen &amp#27;[0m&amp#27;[32mUser should get a message about no product matching&amp#27;[0m       &amp#27;[90m# stepDefinitions.SearchSteps.user_should_get_a_message_about_no_product_matching()&amp#27;[0m
]]></system-out>
  </testcase>
  <testcase name="User searches without any product" classname="Search Functionality" time="5.28">
    <system-out><![CDATA[
Scenario: User searches without any product                   &amp#27;[90m# src/test/resources/Features/Search.feature:15&amp#27;[0m
  &amp#27;[32mGiven &amp#27;[0m&amp#27;[32mUser opens the application&amp#27;[0m                            &amp#27;[90m# stepDefinitions.SearchSteps.user_opens_the_application()&amp#27;[0m
  &amp#27;[32mWhen &amp#27;[0m&amp#27;[32mUser dont enter any product name into Search box field&amp#27;[0m &amp#27;[90m# stepDefinitions.SearchSteps.user_dont_enter_any_product_name_into_search_box_field()&amp#27;[0m
  &amp#27;[32mAnd &amp#27;[0m&amp#27;[32mUser clicks on Search button&amp#27;[0m                            &amp#27;[90m# stepDefinitions.SearchSteps.user_clicks_on_search_button()&amp#27;[0m
  &amp#27;[32mThen &amp#27;[0m&amp#27;[32mUser should get a message about no product matching&amp#27;[0m    &amp#27;[90m# stepDefinitions.SearchSteps.user_should_get_a_message_about_no_product_matching()&amp#27;[0m
]]></system-out>
  </testcase>
</testsuite>